Using pre-set license
Built from '2021.3/staging' branch; Version is '2021.3.9f1 (ad3870b89536) revision 11352176'; Using compiler version '192829333'; Build Type 'Release'
OS: 'Windows 10  (10.0.19044) 64bit Professional' Language: 'fr' Physical Memory: 16333 MB
BatchMode: 1, IsHumanControllingUs: 0, StartBugReporterOnCrash: 0, Is64bit: 1, IsPro: 1

COMMAND LINE ARGUMENTS:
C:\Program Files\Unity\Hub\Editor\2021.3.9f1\Editor\Unity.exe
-adb2
-batchMode
-noUpm
-name
AssetImportWorker7
-projectPath
C:/Users/user/Bolice
-logFile
Logs/AssetImportWorker7.log
-srvPort
65129
Successfully changed project path to: C:/Users/user/Bolice
C:/Users/user/Bolice
[UnityMemory] Configuration Parameters - Can be set up in boot.config
    "memorysetup-bucket-allocator-granularity=16"
    "memorysetup-bucket-allocator-bucket-count=8"
    "memorysetup-bucket-allocator-block-size=33554432"
    "memorysetup-bucket-allocator-block-count=8"
    "memorysetup-main-allocator-block-size=16777216"
    "memorysetup-thread-allocator-block-size=16777216"
    "memorysetup-gfx-main-allocator-block-size=16777216"
    "memorysetup-gfx-thread-allocator-block-size=16777216"
    "memorysetup-cache-allocator-block-size=4194304"
    "memorysetup-typetree-allocator-block-size=2097152"
    "memorysetup-profiler-bucket-allocator-granularity=16"
    "memorysetup-profiler-bucket-allocator-bucket-count=8"
    "memorysetup-profiler-bucket-allocator-block-size=33554432"
    "memorysetup-profiler-bucket-allocator-block-count=8"
    "memorysetup-profiler-allocator-block-size=16777216"
    "memorysetup-profiler-editor-allocator-block-size=1048576"
    "memorysetup-temp-allocator-size-main=16777216"
    "memorysetup-job-temp-allocator-block-size=2097152"
    "memorysetup-job-temp-allocator-block-size-background=1048576"
    "memorysetup-job-temp-allocator-reduction-small-platforms=262144"
    "memorysetup-temp-allocator-size-background-worker=32768"
    "memorysetup-temp-allocator-size-job-worker=262144"
    "memorysetup-temp-allocator-size-preload-manager=33554432"
    "memorysetup-temp-allocator-size-nav-mesh-worker=65536"
    "memorysetup-temp-allocator-size-audio-worker=65536"
    "memorysetup-temp-allocator-size-cloud-worker=32768"
    "memorysetup-temp-allocator-size-gi-baking-worker=262144"
    "memorysetup-temp-allocator-size-gfx=262144"
Refreshing native plugins compatible for Editor in 114.39 ms, found 3 plugins.
Preloading 0 native plugins for Editor in 0.00 ms.
Initialize engine version: 2021.3.9f1 (ad3870b89536)
[Subsystems] Discovering subsystems at path C:/Program Files/Unity/Hub/Editor/2021.3.9f1/Editor/Data/Resources/UnitySubsystems
[Subsystems] Discovering subsystems at path C:/Users/user/Bolice/Assets
GfxDevice: creating device client; threaded=0; jobified=0
Direct3D:
    Version:  Direct3D 11.0 [level 11.1]
    Renderer: NVIDIA GeForce RTX 2060 SUPER (ID=0x1f06)
    Vendor:   NVIDIA
    VRAM:     8031 MB
    Driver:   31.0.15.1748
Initialize mono
Mono path[0] = 'C:/Program Files/Unity/Hub/Editor/2021.3.9f1/Editor/Data/Managed'
Mono path[1] = 'C:/Program Files/Unity/Hub/Editor/2021.3.9f1/Editor/Data/MonoBleedingEdge/lib/mono/unityjit-win32'
Mono config path = 'C:/Program Files/Unity/Hub/Editor/2021.3.9f1/Editor/Data/MonoBleedingEdge/etc'
Using monoOptions --debugger-agent=transport=dt_socket,embedding=1,server=y,suspend=n,address=127.0.0.1:56912
Begin MonoManager ReloadAssembly
Registering precompiled unity dll's ...
Register platform support module: C:/Program Files/Unity/Hub/Editor/2021.3.9f1/Editor/Data/PlaybackEngines/WebGLSupport/UnityEditor.WebGL.Extensions.dll
Register platform support module: C:/Program Files/Unity/Hub/Editor/2021.3.9f1/Editor/Data/PlaybackEngines/WindowsStandaloneSupport/UnityEditor.WindowsStandalone.Extensions.dll
Registered in 0.011730 seconds.
Native extension for WindowsStandalone target not found
Native extension for WebGL target not found
Refreshing native plugins compatible for Editor in 98.35 ms, found 3 plugins.
Preloading 0 native plugins for Editor in 0.00 ms.
Mono: successfully reloaded assembly
- Completed reload, in  0.748 seconds
Domain Reload Profiling:
	ReloadAssembly (749ms)
		BeginReloadAssembly (102ms)
			ExecutionOrderSort (0ms)
			DisableScriptedObjects (0ms)
			BackupInstance (0ms)
			ReleaseScriptingObjects (0ms)
			CreateAndSetChildDomain (1ms)
		EndReloadAssembly (511ms)
			LoadAssemblies (99ms)
			RebuildTransferFunctionScriptingTraits (0ms)
			SetupTypeCache (116ms)
			ReleaseScriptCaches (0ms)
			RebuildScriptCaches (29ms)
			SetupLoadedEditorAssemblies (305ms)
				LogAssemblyErrors (0ms)
				InitializePlatformSupportModulesInManaged (11ms)
				SetLoadedEditorAssemblies (0ms)
				RefreshPlugins (99ms)
				BeforeProcessingInitializeOnLoad (1ms)
				ProcessInitializeOnLoadAttributes (147ms)
				ProcessInitializeOnLoadMethodAttributes (47ms)
				AfterProcessingInitializeOnLoad (0ms)
				EditorAssembliesLoaded (0ms)
			ExecutionOrderSort2 (0ms)
			AwakeInstancesAfterBackupRestoration (0ms)
Platform modules already initialized, skipping
Registering precompiled user dll's ...
Registered in 0.008152 seconds.
Begin MonoManager ReloadAssembly
Native extension for WindowsStandalone target not found
Native extension for WebGL target not found
Refreshing native plugins compatible for Editor in 98.14 ms, found 3 plugins.
Preloading 0 native plugins for Editor in 0.00 ms.
Mono: successfully reloaded assembly
- Completed reload, in  1.422 seconds
Domain Reload Profiling:
	ReloadAssembly (1423ms)
		BeginReloadAssembly (130ms)
			ExecutionOrderSort (0ms)
			DisableScriptedObjects (6ms)
			BackupInstance (0ms)
			ReleaseScriptingObjects (0ms)
			CreateAndSetChildDomain (21ms)
		EndReloadAssembly (1143ms)
			LoadAssemblies (100ms)
			RebuildTransferFunctionScriptingTraits (0ms)
			SetupTypeCache (322ms)
			ReleaseScriptCaches (1ms)
			RebuildScriptCaches (62ms)
			SetupLoadedEditorAssemblies (614ms)
				LogAssemblyErrors (0ms)
				InitializePlatformSupportModulesInManaged (8ms)
				SetLoadedEditorAssemblies (0ms)
				RefreshPlugins (98ms)
				BeforeProcessingInitializeOnLoad (117ms)
				ProcessInitializeOnLoadAttributes (341ms)
				ProcessInitializeOnLoadMethodAttributes (39ms)
				AfterProcessingInitializeOnLoad (11ms)
				EditorAssembliesLoaded (0ms)
			ExecutionOrderSort2 (0ms)
			AwakeInstancesAfterBackupRestoration (7ms)
Platform modules already initialized, skipping
========================================================================
Worker process is ready to serve import requests
Launched and connected shader compiler UnityShaderCompiler.exe after 0.05 seconds
Refreshing native plugins compatible for Editor in 0.74 ms, found 3 plugins.
Preloading 0 native plugins for Editor in 0.00 ms.
Unloading 3898 Unused Serialized files (Serialized files now loaded: 0)
Unloading 44 unused Assets / (182.8 KB). Loaded Objects now: 4369.
Memory consumption went from 151.1 MB to 150.9 MB.
Total: 3.659900 ms (FindLiveObjects: 0.363800 ms CreateObjectMapping: 0.099400 ms MarkObjects: 3.058600 ms  DeleteObjects: 0.136900 ms)

AssetImportParameters requested are different than current active one (requested -> active):
  custom:video-decoder-ogg-theora: a1e56fd34408186e4bbccfd4996cb3dc -> 
  custom:container-muxer-webm: aa71ff27fc2769a1b78a27578f13a17b -> 
  custom:container-demuxer-webm: 4f35f7cbe854078d1ac9338744f61a02 -> 
  custom:video-encoder-webm-vp8: eb34c28f22e8b96e1ab97ce403110664 -> 
  custom:audio-encoder-webm-vorbis: bf7c407c2cedff20999df2af8eb42d56 -> 
  custom:framework-win-MediaFoundation: 216162199b28c13a410421893ffa2e32 -> 
  custom:container-demuxer-ogg: 62fdf1f143b41e24485cea50d1cbac27 -> 
  custom:video-decoder-webm-vp8: 9c59270c3fd7afecdb556c50c9e8de78 -> 
  custom:audio-decoder-ogg-vorbis: bf7c407c2cedff20999df2af8eb42d56 -> 
========================================================================
Received Prepare
Registering precompiled user dll's ...
Registered in 0.008594 seconds.
Begin MonoManager ReloadAssembly
Native extension for WindowsStandalone target not found
Native extension for WebGL target not found
Refreshing native plugins compatible for Editor in 0.98 ms, found 3 plugins.
Preloading 0 native plugins for Editor in 0.00 ms.
Mono: successfully reloaded assembly
- Completed reload, in  1.317 seconds
Domain Reload Profiling:
	ReloadAssembly (1318ms)
		BeginReloadAssembly (177ms)
			ExecutionOrderSort (0ms)
			DisableScriptedObjects (5ms)
			BackupInstance (0ms)
			ReleaseScriptingObjects (0ms)
			CreateAndSetChildDomain (58ms)
		EndReloadAssembly (1022ms)
			LoadAssemblies (106ms)
			RebuildTransferFunctionScriptingTraits (0ms)
			SetupTypeCache (307ms)
			ReleaseScriptCaches (1ms)
			RebuildScriptCaches (52ms)
			SetupLoadedEditorAssemblies (507ms)
				LogAssemblyErrors (0ms)
				InitializePlatformSupportModulesInManaged (18ms)
				SetLoadedEditorAssemblies (1ms)
				RefreshPlugins (1ms)
				BeforeProcessingInitializeOnLoad (87ms)
				ProcessInitializeOnLoadAttributes (336ms)
				ProcessInitializeOnLoadMethodAttributes (52ms)
				AfterProcessingInitializeOnLoad (12ms)
				EditorAssembliesLoaded (0ms)
			ExecutionOrderSort2 (0ms)
			AwakeInstancesAfterBackupRestoration (8ms)
Platform modules already initialized, skipping
Refreshing native plugins compatible for Editor in 3.03 ms, found 3 plugins.
Preloading 0 native plugins for Editor in 0.00 ms.
Unloading 3891 Unused Serialized files (Serialized files now loaded: 0)
Unloading 23 unused Assets / (150.3 KB). Loaded Objects now: 4384.
Memory consumption went from 150.7 MB to 150.6 MB.
Total: 4.043900 ms (FindLiveObjects: 0.367700 ms CreateObjectMapping: 0.090200 ms MarkObjects: 3.437100 ms  DeleteObjects: 0.147700 ms)

AssetImportParameters requested are different than current active one (requested -> active):
  custom:video-decoder-ogg-theora: a1e56fd34408186e4bbccfd4996cb3dc -> 
  custom:container-muxer-webm: aa71ff27fc2769a1b78a27578f13a17b -> 
  custom:container-demuxer-webm: 4f35f7cbe854078d1ac9338744f61a02 -> 
  custom:video-encoder-webm-vp8: eb34c28f22e8b96e1ab97ce403110664 -> 
  custom:audio-encoder-webm-vorbis: bf7c407c2cedff20999df2af8eb42d56 -> 
  custom:framework-win-MediaFoundation: 216162199b28c13a410421893ffa2e32 -> 
  custom:container-demuxer-ogg: 62fdf1f143b41e24485cea50d1cbac27 -> 
  custom:video-decoder-webm-vp8: 9c59270c3fd7afecdb556c50c9e8de78 -> 
  custom:audio-decoder-ogg-vorbis: bf7c407c2cedff20999df2af8eb42d56 -> 
========================================================================
Received Prepare
Registering precompiled user dll's ...
Registered in 0.008271 seconds.
Begin MonoManager ReloadAssembly
Native extension for WindowsStandalone target not found
Native extension for WebGL target not found
Refreshing native plugins compatible for Editor in 1.12 ms, found 3 plugins.
Preloading 0 native plugins for Editor in 0.00 ms.
Mono: successfully reloaded assembly
- Completed reload, in  1.363 seconds
Domain Reload Profiling:
	ReloadAssembly (1364ms)
		BeginReloadAssembly (162ms)
			ExecutionOrderSort (0ms)
			DisableScriptedObjects (5ms)
			BackupInstance (0ms)
			ReleaseScriptingObjects (0ms)
			CreateAndSetChildDomain (44ms)
		EndReloadAssembly (1074ms)
			LoadAssemblies (110ms)
			RebuildTransferFunctionScriptingTraits (0ms)
			SetupTypeCache (344ms)
			ReleaseScriptCaches (2ms)
			RebuildScriptCaches (58ms)
			SetupLoadedEditorAssemblies (511ms)
				LogAssemblyErrors (0ms)
				InitializePlatformSupportModulesInManaged (19ms)
				SetLoadedEditorAssemblies (1ms)
				RefreshPlugins (1ms)
				BeforeProcessingInitializeOnLoad (92ms)
				ProcessInitializeOnLoadAttributes (334ms)
				ProcessInitializeOnLoadMethodAttributes (52ms)
				AfterProcessingInitializeOnLoad (12ms)
				EditorAssembliesLoaded (0ms)
			ExecutionOrderSort2 (0ms)
			AwakeInstancesAfterBackupRestoration (8ms)
Platform modules already initialized, skipping
Refreshing native plugins compatible for Editor in 3.47 ms, found 3 plugins.
Preloading 0 native plugins for Editor in 0.00 ms.
Unloading 3891 Unused Serialized files (Serialized files now loaded: 0)
Unloading 23 unused Assets / (150.2 KB). Loaded Objects now: 4399.
Memory consumption went from 150.7 MB to 150.6 MB.
Total: 4.286200 ms (FindLiveObjects: 0.381500 ms CreateObjectMapping: 0.090700 ms MarkObjects: 3.647100 ms  DeleteObjects: 0.165200 ms)

AssetImportParameters requested are different than current active one (requested -> active):
  custom:video-decoder-ogg-theora: a1e56fd34408186e4bbccfd4996cb3dc -> 
  custom:container-muxer-webm: aa71ff27fc2769a1b78a27578f13a17b -> 
  custom:container-demuxer-webm: 4f35f7cbe854078d1ac9338744f61a02 -> 
  custom:video-encoder-webm-vp8: eb34c28f22e8b96e1ab97ce403110664 -> 
  custom:audio-encoder-webm-vorbis: bf7c407c2cedff20999df2af8eb42d56 -> 
  custom:framework-win-MediaFoundation: 216162199b28c13a410421893ffa2e32 -> 
  custom:container-demuxer-ogg: 62fdf1f143b41e24485cea50d1cbac27 -> 
  custom:video-decoder-webm-vp8: 9c59270c3fd7afecdb556c50c9e8de78 -> 
  custom:audio-decoder-ogg-vorbis: bf7c407c2cedff20999df2af8eb42d56 -> 
========================================================================
Received Prepare
Registering precompiled user dll's ...
Registered in 0.011405 seconds.
Begin MonoManager ReloadAssembly
Native extension for WindowsStandalone target not found
Native extension for WebGL target not found
Refreshing native plugins compatible for Editor in 0.89 ms, found 3 plugins.
Preloading 0 native plugins for Editor in 0.00 ms.
Mono: successfully reloaded assembly
- Completed reload, in  1.339 seconds
Domain Reload Profiling:
	ReloadAssembly (1340ms)
		BeginReloadAssembly (168ms)
			ExecutionOrderSort (0ms)
			DisableScriptedObjects (6ms)
			BackupInstance (0ms)
			ReleaseScriptingObjects (0ms)
			CreateAndSetChildDomain (49ms)
		EndReloadAssembly (1046ms)
			LoadAssemblies (99ms)
			RebuildTransferFunctionScriptingTraits (0ms)
			SetupTypeCache (329ms)
			ReleaseScriptCaches (2ms)
			RebuildScriptCaches (54ms)
			SetupLoadedEditorAssemblies (504ms)
				LogAssemblyErrors (0ms)
				InitializePlatformSupportModulesInManaged (17ms)
				SetLoadedEditorAssemblies (1ms)
				RefreshPlugins (1ms)
				BeforeProcessingInitializeOnLoad (86ms)
				ProcessInitializeOnLoadAttributes (333ms)
				ProcessInitializeOnLoadMethodAttributes (54ms)
				AfterProcessingInitializeOnLoad (12ms)
				EditorAssembliesLoaded (0ms)
			ExecutionOrderSort2 (0ms)
			AwakeInstancesAfterBackupRestoration (7ms)
Platform modules already initialized, skipping
Refreshing native plugins compatible for Editor in 2.61 ms, found 3 plugins.
Preloading 0 native plugins for Editor in 0.00 ms.
Unloading 3891 Unused Serialized files (Serialized files now loaded: 0)
Unloading 23 unused Assets / (150.4 KB). Loaded Objects now: 4414.
Memory consumption went from 150.7 MB to 150.6 MB.
Total: 4.304200 ms (FindLiveObjects: 0.391800 ms CreateObjectMapping: 0.094300 ms MarkObjects: 3.669400 ms  DeleteObjects: 0.147300 ms)

AssetImportParameters requested are different than current active one (requested -> active):
  custom:video-decoder-ogg-theora: a1e56fd34408186e4bbccfd4996cb3dc -> 
  custom:container-muxer-webm: aa71ff27fc2769a1b78a27578f13a17b -> 
  custom:container-demuxer-webm: 4f35f7cbe854078d1ac9338744f61a02 -> 
  custom:video-encoder-webm-vp8: eb34c28f22e8b96e1ab97ce403110664 -> 
  custom:audio-encoder-webm-vorbis: bf7c407c2cedff20999df2af8eb42d56 -> 
  custom:framework-win-MediaFoundation: 216162199b28c13a410421893ffa2e32 -> 
  custom:container-demuxer-ogg: 62fdf1f143b41e24485cea50d1cbac27 -> 
  custom:video-decoder-webm-vp8: 9c59270c3fd7afecdb556c50c9e8de78 -> 
  custom:audio-decoder-ogg-vorbis: bf7c407c2cedff20999df2af8eb42d56 -> 
========================================================================
Received Prepare
Registering precompiled user dll's ...
Registered in 0.010157 seconds.
Begin MonoManager ReloadAssembly
Native extension for WindowsStandalone target not found
Native extension for WebGL target not found
Refreshing native plugins compatible for Editor in 1.11 ms, found 3 plugins.
Preloading 0 native plugins for Editor in 0.00 ms.
Mono: successfully reloaded assembly
- Completed reload, in  1.356 seconds
Domain Reload Profiling:
	ReloadAssembly (1357ms)
		BeginReloadAssembly (162ms)
			ExecutionOrderSort (0ms)
			DisableScriptedObjects (5ms)
			BackupInstance (0ms)
			ReleaseScriptingObjects (0ms)
			CreateAndSetChildDomain (43ms)
		EndReloadAssembly (1068ms)
			LoadAssemblies (109ms)
			RebuildTransferFunctionScriptingTraits (0ms)
			SetupTypeCache (335ms)
			ReleaseScriptCaches (2ms)
			RebuildScriptCaches (61ms)
			SetupLoadedEditorAssemblies (495ms)
				LogAssemblyErrors (0ms)
				InitializePlatformSupportModulesInManaged (18ms)
				SetLoadedEditorAssemblies (1ms)
				RefreshPlugins (1ms)
				BeforeProcessingInitializeOnLoad (84ms)
				ProcessInitializeOnLoadAttributes (326ms)
				ProcessInitializeOnLoadMethodAttributes (54ms)
				AfterProcessingInitializeOnLoad (11ms)
				EditorAssembliesLoaded (0ms)
			ExecutionOrderSort2 (0ms)
			AwakeInstancesAfterBackupRestoration (7ms)
Platform modules already initialized, skipping
Refreshing native plugins compatible for Editor in 2.63 ms, found 3 plugins.
Preloading 0 native plugins for Editor in 0.00 ms.
Unloading 3891 Unused Serialized files (Serialized files now loaded: 0)
Unloading 23 unused Assets / (150.3 KB). Loaded Objects now: 4429.
Memory consumption went from 150.8 MB to 150.6 MB.
Total: 4.267200 ms (FindLiveObjects: 0.453100 ms CreateObjectMapping: 0.094900 ms MarkObjects: 3.582300 ms  DeleteObjects: 0.135500 ms)

AssetImportParameters requested are different than current active one (requested -> active):
  custom:video-decoder-ogg-theora: a1e56fd34408186e4bbccfd4996cb3dc -> 
  custom:container-muxer-webm: aa71ff27fc2769a1b78a27578f13a17b -> 
  custom:container-demuxer-webm: 4f35f7cbe854078d1ac9338744f61a02 -> 
  custom:video-encoder-webm-vp8: eb34c28f22e8b96e1ab97ce403110664 -> 
  custom:audio-encoder-webm-vorbis: bf7c407c2cedff20999df2af8eb42d56 -> 
  custom:framework-win-MediaFoundation: 216162199b28c13a410421893ffa2e32 -> 
  custom:container-demuxer-ogg: 62fdf1f143b41e24485cea50d1cbac27 -> 
  custom:video-decoder-webm-vp8: 9c59270c3fd7afecdb556c50c9e8de78 -> 
  custom:audio-decoder-ogg-vorbis: bf7c407c2cedff20999df2af8eb42d56 -> 
========================================================================
Received Prepare
Registering precompiled user dll's ...
Registered in 0.009293 seconds.
Begin MonoManager ReloadAssembly
Native extension for WindowsStandalone target not found
Native extension for WebGL target not found
Refreshing native plugins compatible for Editor in 0.86 ms, found 3 plugins.
Preloading 0 native plugins for Editor in 0.00 ms.
Mono: successfully reloaded assembly
- Completed reload, in  1.303 seconds
Domain Reload Profiling:
	ReloadAssembly (1304ms)
		BeginReloadAssembly (162ms)
			ExecutionOrderSort (0ms)
			DisableScriptedObjects (5ms)
			BackupInstance (0ms)
			ReleaseScriptingObjects (0ms)
			CreateAndSetChildDomain (44ms)
		EndReloadAssembly (1024ms)
			LoadAssemblies (105ms)
			RebuildTransferFunctionScriptingTraits (0ms)
			SetupTypeCache (320ms)
			ReleaseScriptCaches (2ms)
			RebuildScriptCaches (54ms)
			SetupLoadedEditorAssemblies (497ms)
				LogAssemblyErrors (0ms)
				InitializePlatformSupportModulesInManaged (17ms)
				SetLoadedEditorAssemblies (1ms)
				RefreshPlugins (1ms)
				BeforeProcessingInitializeOnLoad (85ms)
				ProcessInitializeOnLoadAttributes (323ms)
				ProcessInitializeOnLoadMethodAttributes (58ms)
				AfterProcessingInitializeOnLoad (12ms)
				EditorAssembliesLoaded (0ms)
			ExecutionOrderSort2 (0ms)
			AwakeInstancesAfterBackupRestoration (6ms)
Platform modules already initialized, skipping
Refreshing native plugins compatible for Editor in 2.80 ms, found 3 plugins.
Preloading 0 native plugins for Editor in 0.00 ms.
Unloading 3891 Unused Serialized files (Serialized files now loaded: 0)
Unloading 23 unused Assets / (150.2 KB). Loaded Objects now: 4444.
Memory consumption went from 150.8 MB to 150.6 MB.
Total: 4.551800 ms (FindLiveObjects: 0.487600 ms CreateObjectMapping: 0.093900 ms MarkObjects: 3.829900 ms  DeleteObjects: 0.138900 ms)

AssetImportParameters requested are different than current active one (requested -> active):
  custom:video-decoder-ogg-theora: a1e56fd34408186e4bbccfd4996cb3dc -> 
  custom:container-muxer-webm: aa71ff27fc2769a1b78a27578f13a17b -> 
  custom:container-demuxer-webm: 4f35f7cbe854078d1ac9338744f61a02 -> 
  custom:video-encoder-webm-vp8: eb34c28f22e8b96e1ab97ce403110664 -> 
  custom:audio-encoder-webm-vorbis: bf7c407c2cedff20999df2af8eb42d56 -> 
  custom:framework-win-MediaFoundation: 216162199b28c13a410421893ffa2e32 -> 
  custom:container-demuxer-ogg: 62fdf1f143b41e24485cea50d1cbac27 -> 
  custom:video-decoder-webm-vp8: 9c59270c3fd7afecdb556c50c9e8de78 -> 
  custom:audio-decoder-ogg-vorbis: bf7c407c2cedff20999df2af8eb42d56 -> 
========================================================================
Received Prepare
Registering precompiled user dll's ...
Registered in 0.007928 seconds.
Begin MonoManager ReloadAssembly
Native extension for WindowsStandalone target not found
Native extension for WebGL target not found
Refreshing native plugins compatible for Editor in 0.82 ms, found 3 plugins.
Preloading 0 native plugins for Editor in 0.00 ms.
Mono: successfully reloaded assembly
- Completed reload, in  1.390 seconds
Domain Reload Profiling:
	ReloadAssembly (1391ms)
		BeginReloadAssembly (153ms)
			ExecutionOrderSort (0ms)
			DisableScriptedObjects (6ms)
			BackupInstance (0ms)
			ReleaseScriptingObjects (0ms)
			CreateAndSetChildDomain (38ms)
		EndReloadAssembly (1097ms)
			LoadAssemblies (112ms)
			RebuildTransferFunctionScriptingTraits (0ms)
			SetupTypeCache (353ms)
			ReleaseScriptCaches (2ms)
			RebuildScriptCaches (66ms)
			SetupLoadedEditorAssemblies (499ms)
				LogAssemblyErrors (0ms)
				InitializePlatformSupportModulesInManaged (16ms)
				SetLoadedEditorAssemblies (1ms)
				RefreshPlugins (1ms)
				BeforeProcessingInitializeOnLoad (86ms)
				ProcessInitializeOnLoadAttributes (327ms)
				ProcessInitializeOnLoadMethodAttributes (53ms)
				AfterProcessingInitializeOnLoad (14ms)
				EditorAssembliesLoaded (0ms)
			ExecutionOrderSort2 (0ms)
			AwakeInstancesAfterBackupRestoration (7ms)
Platform modules already initialized, skipping
Refreshing native plugins compatible for Editor in 3.30 ms, found 3 plugins.
Preloading 0 native plugins for Editor in 0.00 ms.
Unloading 3891 Unused Serialized files (Serialized files now loaded: 0)
Unloading 23 unused Assets / (150.3 KB). Loaded Objects now: 4459.
Memory consumption went from 150.8 MB to 150.7 MB.
Total: 4.813400 ms (FindLiveObjects: 0.362100 ms CreateObjectMapping: 0.095100 ms MarkObjects: 4.203200 ms  DeleteObjects: 0.151900 ms)

AssetImportParameters requested are different than current active one (requested -> active):
  custom:video-decoder-ogg-theora: a1e56fd34408186e4bbccfd4996cb3dc -> 
  custom:container-muxer-webm: aa71ff27fc2769a1b78a27578f13a17b -> 
  custom:container-demuxer-webm: 4f35f7cbe854078d1ac9338744f61a02 -> 
  custom:video-encoder-webm-vp8: eb34c28f22e8b96e1ab97ce403110664 -> 
  custom:audio-encoder-webm-vorbis: bf7c407c2cedff20999df2af8eb42d56 -> 
  custom:framework-win-MediaFoundation: 216162199b28c13a410421893ffa2e32 -> 
  custom:container-demuxer-ogg: 62fdf1f143b41e24485cea50d1cbac27 -> 
  custom:video-decoder-webm-vp8: 9c59270c3fd7afecdb556c50c9e8de78 -> 
  custom:audio-decoder-ogg-vorbis: bf7c407c2cedff20999df2af8eb42d56 -> 
========================================================================
Received Prepare
Registering precompiled user dll's ...
Registered in 0.007969 seconds.
Begin MonoManager ReloadAssembly
Native extension for WindowsStandalone target not found
Native extension for WebGL target not found
Refreshing native plugins compatible for Editor in 0.99 ms, found 3 plugins.
Preloading 0 native plugins for Editor in 0.00 ms.
Mono: successfully reloaded assembly
- Completed reload, in  1.489 seconds
Domain Reload Profiling:
	ReloadAssembly (1490ms)
		BeginReloadAssembly (184ms)
			ExecutionOrderSort (0ms)
			DisableScriptedObjects (6ms)
			BackupInstance (0ms)
			ReleaseScriptingObjects (0ms)
			CreateAndSetChildDomain (49ms)
		EndReloadAssembly (1156ms)
			LoadAssemblies (127ms)
			RebuildTransferFunctionScriptingTraits (0ms)
			SetupTypeCache (359ms)
			ReleaseScriptCaches (2ms)
			RebuildScriptCaches (63ms)
			SetupLoadedEditorAssemblies (556ms)
				LogAssemblyErrors (0ms)
				InitializePlatformSupportModulesInManaged (19ms)
				SetLoadedEditorAssemblies (1ms)
				RefreshPlugins (1ms)
				BeforeProcessingInitializeOnLoad (96ms)
				ProcessInitializeOnLoadAttributes (364ms)
				ProcessInitializeOnLoadMethodAttributes (61ms)
				AfterProcessingInitializeOnLoad (14ms)
				EditorAssembliesLoaded (0ms)
			ExecutionOrderSort2 (0ms)
			AwakeInstancesAfterBackupRestoration (8ms)
Platform modules already initialized, skipping
Refreshing native plugins compatible for Editor in 4.48 ms, found 3 plugins.
Preloading 0 native plugins for Editor in 0.00 ms.
Unloading 3891 Unused Serialized files (Serialized files now loaded: 0)
Unloading 23 unused Assets / (150.4 KB). Loaded Objects now: 4474.
Memory consumption went from 150.8 MB to 150.7 MB.
Total: 4.712400 ms (FindLiveObjects: 0.359500 ms CreateObjectMapping: 0.091200 ms MarkObjects: 4.050500 ms  DeleteObjects: 0.209600 ms)

AssetImportParameters requested are different than current active one (requested -> active):
  custom:video-decoder-ogg-theora: a1e56fd34408186e4bbccfd4996cb3dc -> 
  custom:container-muxer-webm: aa71ff27fc2769a1b78a27578f13a17b -> 
  custom:container-demuxer-webm: 4f35f7cbe854078d1ac9338744f61a02 -> 
  custom:video-encoder-webm-vp8: eb34c28f22e8b96e1ab97ce403110664 -> 
  custom:audio-encoder-webm-vorbis: bf7c407c2cedff20999df2af8eb42d56 -> 
  custom:framework-win-MediaFoundation: 216162199b28c13a410421893ffa2e32 -> 
  custom:container-demuxer-ogg: 62fdf1f143b41e24485cea50d1cbac27 -> 
  custom:video-decoder-webm-vp8: 9c59270c3fd7afecdb556c50c9e8de78 -> 
  custom:audio-decoder-ogg-vorbis: bf7c407c2cedff20999df2af8eb42d56 -> 
========================================================================
Received Import Request.
  Time since last request: 15528.647391 seconds.
  path: Assets/Resources/ArtWorks/Decor/Buildding_Decor/Materials/Building_Decor.mat
  artifactKey: Guid(a2d3778d3ed721041835cfd048640958) Importer(815301076,1909f56bfc062723c751e8b465ee728b)
Start importing Assets/Resources/ArtWorks/Decor/Buildding_Decor/Materials/Building_Decor.mat using Guid(a2d3778d3ed721041835cfd048640958) Importer(815301076,1909f56bfc062723c751e8b465ee728b)  -> (artifact id: '2fa599d47603a4ca71b47f60ee2b1886') in 0.152756 seconds 
========================================================================
Received Import Request.
  Time since last request: 3.810324 seconds.
  path: Assets/Resources/ArtWorks/Decor/Flag/Tunisia_Flag.png
  artifactKey: Guid(a6fc0ae2dd27d20448c0aad9c5bf7f03) Importer(815301076,1909f56bfc062723c751e8b465ee728b)
Start importing Assets/Resources/ArtWorks/Decor/Flag/Tunisia_Flag.png using Guid(a6fc0ae2dd27d20448c0aad9c5bf7f03) Importer(815301076,1909f56bfc062723c751e8b465ee728b)  -> (artifact id: '71095150ecb75030fa7d7da094bb8ad6') in 0.034016 seconds 
========================================================================
Received Import Request.
  Time since last request: 0.000023 seconds.
  path: Assets/Resources/ArtWorks/Decor/Flag/Tunisia_Flag_B.png
  artifactKey: Guid(cf9c4f5791424fc4883e202cd217e9c3) Importer(815301076,1909f56bfc062723c751e8b465ee728b)
Start importing Assets/Resources/ArtWorks/Decor/Flag/Tunisia_Flag_B.png using Guid(cf9c4f5791424fc4883e202cd217e9c3) Importer(815301076,1909f56bfc062723c751e8b465ee728b)  -> (artifact id: 'a38649c10be8ec3a129cb2ecce58afcc') in 0.039040 seconds 
========================================================================
Received Import Request.
  Time since last request: 30.096884 seconds.
  path: Assets/Resources/ArtWorks/Decor/Flag/Materials/Tunisia_Flag.mat
  artifactKey: Guid(08bd0650dbc340743821d53a8ea4cf47) Importer(815301076,1909f56bfc062723c751e8b465ee728b)
Start importing Assets/Resources/ArtWorks/Decor/Flag/Materials/Tunisia_Flag.mat using Guid(08bd0650dbc340743821d53a8ea4cf47) Importer(815301076,1909f56bfc062723c751e8b465ee728b)  -> (artifact id: 'a1e0ac3d0be466c3a8907338fa08a602') in 0.010795 seconds 
========================================================================
Received Import Request.
  Time since last request: 0.000029 seconds.
  path: Assets/Resources/ArtWorks/Decor/Flag/Materials/Tunisia_Flag_B.mat
  artifactKey: Guid(7a2af0a8e49164a409e10511b10ca39c) Importer(815301076,1909f56bfc062723c751e8b465ee728b)
Start importing Assets/Resources/ArtWorks/Decor/Flag/Materials/Tunisia_Flag_B.mat using Guid(7a2af0a8e49164a409e10511b10ca39c) Importer(815301076,1909f56bfc062723c751e8b465ee728b)  -> (artifact id: 'c52419996b792657b451acf5c8817177') in 0.029798 seconds 
========================================================================
Received Import Request.
  Time since last request: 12.198460 seconds.
  path: Assets/Resources/ArtWorks/Decor/Barrel/Barrel.png
  artifactKey: Guid(64b9c9a32feac584d85ed3dc81f70e14) Importer(815301076,1909f56bfc062723c751e8b465ee728b)
Start importing Assets/Resources/ArtWorks/Decor/Barrel/Barrel.png using Guid(64b9c9a32feac584d85ed3dc81f70e14) Importer(815301076,1909f56bfc062723c751e8b465ee728b)  -> (artifact id: 'a288b2030d0391272d5642f1a9277200') in 0.023716 seconds 
========================================================================
Received Import Request.
  Time since last request: 7.841221 seconds.
  path: Assets/Resources/ArtWorks/Decor/Barrel/Materials/bermil.mat
  artifactKey: Guid(c204b17bfe6643c44ac564dd12918fac) Importer(815301076,1909f56bfc062723c751e8b465ee728b)
Start importing Assets/Resources/ArtWorks/Decor/Barrel/Materials/bermil.mat using Guid(c204b17bfe6643c44ac564dd12918fac) Importer(815301076,1909f56bfc062723c751e8b465ee728b)  -> (artifact id: '3d08e644937ffa008fbffecaddcb58a4') in 0.016621 seconds 
========================================================================
Received Import Request.
  Time since last request: 19.628952 seconds.
  path: Assets/Resources/ArtWorks/Decor/Building/Building.png
  artifactKey: Guid(7d3660415ac0e3440abebe34d1178299) Importer(815301076,1909f56bfc062723c751e8b465ee728b)
Start importing Assets/Resources/ArtWorks/Decor/Building/Building.png using Guid(7d3660415ac0e3440abebe34d1178299) Importer(815301076,1909f56bfc062723c751e8b465ee728b)  -> (artifact id: '81fbe2c0ccf644b33161db332a14e50b') in 0.020363 seconds 
========================================================================
Received Import Request.
  Time since last request: 0.000023 seconds.
  path: Assets/Resources/ArtWorks/Decor/Building/Building1.png
  artifactKey: Guid(b2b996072a997e14c8102b3d7be410bb) Importer(815301076,1909f56bfc062723c751e8b465ee728b)
Start importing Assets/Resources/ArtWorks/Decor/Building/Building1.png using Guid(b2b996072a997e14c8102b3d7be410bb) Importer(815301076,1909f56bfc062723c751e8b465ee728b)  -> (artifact id: 'b6e43550b625987d1a6c04206b4e51ee') in 0.033532 seconds 
========================================================================
Received Import Request.
  Time since last request: 9.537089 seconds.
  path: Assets/Resources/ArtWorks/Decor/Building/Materials/Building1.mat
  artifactKey: Guid(55d395a4adc41dd4298c35465aea7191) Importer(815301076,1909f56bfc062723c751e8b465ee728b)
Start importing Assets/Resources/ArtWorks/Decor/Building/Materials/Building1.mat using Guid(55d395a4adc41dd4298c35465aea7191) Importer(815301076,1909f56bfc062723c751e8b465ee728b)  -> (artifact id: 'dfccd1500c32bed9e05e729dbce803bc') in 0.021460 seconds 
========================================================================
Received Import Request.
  Time since last request: 16.552920 seconds.
  path: Assets/Resources/ArtWorks/Decor/Climatiseur/Climatiseur.png
  artifactKey: Guid(65084eff6c37ab24593653d1767793a1) Importer(815301076,1909f56bfc062723c751e8b465ee728b)
Start importing Assets/Resources/ArtWorks/Decor/Climatiseur/Climatiseur.png using Guid(65084eff6c37ab24593653d1767793a1) Importer(815301076,1909f56bfc062723c751e8b465ee728b)  -> (artifact id: '1b08b0d5f653fe102af586bed0c90905') in 0.018691 seconds 
========================================================================
Received Import Request.
  Time since last request: 0.000032 seconds.
  path: Assets/Resources/ArtWorks/Decor/Climatiseur/Climatiseur_marou7a.png
  artifactKey: Guid(b97363ea46ac8454eb7bb121f1bcdef2) Importer(815301076,1909f56bfc062723c751e8b465ee728b)
Start importing Assets/Resources/ArtWorks/Decor/Climatiseur/Climatiseur_marou7a.png using Guid(b97363ea46ac8454eb7bb121f1bcdef2) Importer(815301076,1909f56bfc062723c751e8b465ee728b)  -> (artifact id: 'e8c2462ff8c86103ea7f301cb220edf6') in 0.027688 seconds 
========================================================================
Received Import Request.
  Time since last request: 3.008238 seconds.
  path: Assets/Resources/ArtWorks/Decor/Climatiseur/Materials/Climatiseur_marou7a.mat
  artifactKey: Guid(b2348f5304b1a44498f3c1feae48fa18) Importer(815301076,1909f56bfc062723c751e8b465ee728b)
Start importing Assets/Resources/ArtWorks/Decor/Climatiseur/Materials/Climatiseur_marou7a.mat using Guid(b2348f5304b1a44498f3c1feae48fa18) Importer(815301076,1909f56bfc062723c751e8b465ee728b)  -> (artifact id: 'e49703c39d738c238551af00cb5147dd') in 0.020971 seconds 
========================================================================
Received Import Request.
  Time since last request: 0.000022 seconds.
  path: Assets/Resources/ArtWorks/Decor/Climatiseur/Materials/Uv_climatiseur.mat
  artifactKey: Guid(fa6acae91123e4841aa8493a3b01c107) Importer(815301076,1909f56bfc062723c751e8b465ee728b)
Start importing Assets/Resources/ArtWorks/Decor/Climatiseur/Materials/Uv_climatiseur.mat using Guid(fa6acae91123e4841aa8493a3b01c107) Importer(815301076,1909f56bfc062723c751e8b465ee728b)  -> (artifact id: '8bbc983b2ecb4b6a377a16a83c7a9d48') in 0.017658 seconds 
========================================================================
Received Import Request.
  Time since last request: 23.397025 seconds.
  path: Assets/Resources/ArtWorks/Decor/Object_Decor1/Object_Decor1.png
  artifactKey: Guid(1e6c107c33164dd49861b18d315f350b) Importer(815301076,1909f56bfc062723c751e8b465ee728b)
Start importing Assets/Resources/ArtWorks/Decor/Object_Decor1/Object_Decor1.png using Guid(1e6c107c33164dd49861b18d315f350b) Importer(815301076,1909f56bfc062723c751e8b465ee728b)  -> (artifact id: '3f9334c42a20c1af5e74b40924e005a7') in 0.020817 seconds 
========================================================================
Received Import Request.
  Time since last request: 3.118309 seconds.
  path: Assets/Resources/ArtWorks/Decor/Object_Decor1/Materials/stah_objet2-2.mat
  artifactKey: Guid(2685ab6423971c049a36a89fc0176d9b) Importer(815301076,1909f56bfc062723c751e8b465ee728b)
Start importing Assets/Resources/ArtWorks/Decor/Object_Decor1/Materials/stah_objet2-2.mat using Guid(2685ab6423971c049a36a89fc0176d9b) Importer(815301076,1909f56bfc062723c751e8b465ee728b)  -> (artifact id: 'd32ae5e382ff502a1caec576f63b47ab') in 0.014885 seconds 
========================================================================
Received Import Request.
  Time since last request: 0.000029 seconds.
  path: Assets/Resources/ArtWorks/Decor/Object_Decor1/Materials/Uv_stah_objet2.mat
  artifactKey: Guid(458bf23fbecf88f419e950e88cf0856d) Importer(815301076,1909f56bfc062723c751e8b465ee728b)
Start importing Assets/Resources/ArtWorks/Decor/Object_Decor1/Materials/Uv_stah_objet2.mat using Guid(458bf23fbecf88f419e950e88cf0856d) Importer(815301076,1909f56bfc062723c751e8b465ee728b)  -> (artifact id: 'c1b050126ba491e2d21a1e10cab2e86c') in 0.023962 seconds 
========================================================================
Received Import Request.
  Time since last request: 5.255261 seconds.
  path: Assets/Resources/ArtWorks/Decor/Object_Decor2/Object_Decor2.png
  artifactKey: Guid(02b2306b76986dd4d880f1cea97d0aa6) Importer(815301076,1909f56bfc062723c751e8b465ee728b)
Start importing Assets/Resources/ArtWorks/Decor/Object_Decor2/Object_Decor2.png using Guid(02b2306b76986dd4d880f1cea97d0aa6) Importer(815301076,1909f56bfc062723c751e8b465ee728b)  -> (artifact id: '1af86051a9efd3605ab01e4026d8092d') in 0.021057 seconds 
========================================================================
Received Import Request.
  Time since last request: 12.152746 seconds.
  path: Assets/Resources/ArtWorks/Decor/Object_Decor2/Materials/Uv_stah_objet1.mat
  artifactKey: Guid(ff3c8c1720e71914b939785af6236e08) Importer(815301076,1909f56bfc062723c751e8b465ee728b)
Start importing Assets/Resources/ArtWorks/Decor/Object_Decor2/Materials/Uv_stah_objet1.mat using Guid(ff3c8c1720e71914b939785af6236e08) Importer(815301076,1909f56bfc062723c751e8b465ee728b)  -> (artifact id: '6b588225f0e546d990f7aee5a3169edc') in 0.014972 seconds 
========================================================================
Received Import Request.
  Time since last request: 4.620674 seconds.
  path: Assets/Resources/ArtWorks/Decor/Object_Decor3/Object_Decor3.png
  artifactKey: Guid(d97b6c9960a10ca409e7bad83b8031f0) Importer(815301076,1909f56bfc062723c751e8b465ee728b)
Start importing Assets/Resources/ArtWorks/Decor/Object_Decor3/Object_Decor3.png using Guid(d97b6c9960a10ca409e7bad83b8031f0) Importer(815301076,1909f56bfc062723c751e8b465ee728b)  -> (artifact id: '5eddc32076e5cedd442ddee11c76cc08') in 0.021877 seconds 
========================================================================
Received Import Request.
  Time since last request: 3.285189 seconds.
  path: Assets/Resources/ArtWorks/Decor/Object_Decor3/Materials/Uv_stah_objet3.mat
  artifactKey: Guid(6b5f8c58f78b84c4db31a453cc635a1f) Importer(815301076,1909f56bfc062723c751e8b465ee728b)
Start importing Assets/Resources/ArtWorks/Decor/Object_Decor3/Materials/Uv_stah_objet3.mat using Guid(6b5f8c58f78b84c4db31a453cc635a1f) Importer(815301076,1909f56bfc062723c751e8b465ee728b)  -> (artifact id: '9b2e53ff7944fc226a8d8a65cc1b879c') in 0.015477 seconds 
========================================================================
Received Import Request.
  Time since last request: 4.031700 seconds.
  path: Assets/Resources/ArtWorks/Decor/Object_Decor4/Object_Decor4.png
  artifactKey: Guid(b3f9b55caa0450c4c83762c7abb89686) Importer(815301076,1909f56bfc062723c751e8b465ee728b)
Start importing Assets/Resources/ArtWorks/Decor/Object_Decor4/Object_Decor4.png using Guid(b3f9b55caa0450c4c83762c7abb89686) Importer(815301076,1909f56bfc062723c751e8b465ee728b)  -> (artifact id: '02199ad514431019c7bd41eecf90c6f1') in 0.019944 seconds 
========================================================================
Received Import Request.
  Time since last request: 2.270159 seconds.
  path: Assets/Resources/ArtWorks/Decor/Object_Decor4/Materials/Object_Decor4.mat
  artifactKey: Guid(5fc264707a314a242b085320475f4751) Importer(815301076,1909f56bfc062723c751e8b465ee728b)
Start importing Assets/Resources/ArtWorks/Decor/Object_Decor4/Materials/Object_Decor4.mat using Guid(5fc264707a314a242b085320475f4751) Importer(815301076,1909f56bfc062723c751e8b465ee728b)  -> (artifact id: '4dec1d1b039a401d4aa67068a204a788') in 0.022162 seconds 
========================================================================
Received Import Request.
  Time since last request: 6.116025 seconds.
  path: Assets/Resources/ArtWorks/Decor/Object_Decor5/Objet_Decor5.png
  artifactKey: Guid(64930b7914fd2674b96325cd235e87de) Importer(815301076,1909f56bfc062723c751e8b465ee728b)
Start importing Assets/Resources/ArtWorks/Decor/Object_Decor5/Objet_Decor5.png using Guid(64930b7914fd2674b96325cd235e87de) Importer(815301076,1909f56bfc062723c751e8b465ee728b)  -> (artifact id: 'e88be3e5a3ebd664971657f70d3667e9') in 0.023842 seconds 
========================================================================
Received Import Request.
  Time since last request: 3.548960 seconds.
  path: Assets/Resources/ArtWorks/Decor/Object_Decor5/Materials/Uv_stah_objet3.mat
  artifactKey: Guid(fced683ef701e584781ee17f0a8455d6) Importer(815301076,1909f56bfc062723c751e8b465ee728b)
Start importing Assets/Resources/ArtWorks/Decor/Object_Decor5/Materials/Uv_stah_objet3.mat using Guid(fced683ef701e584781ee17f0a8455d6) Importer(815301076,1909f56bfc062723c751e8b465ee728b)  -> (artifact id: '9404d33996f772681363140bdbe5041e') in 0.011542 seconds 
========================================================================
Received Import Request.
  Time since last request: 16.199975 seconds.
  path: Assets/Resources/ArtWorks/Decor/Setirna/Materials/setirna_red.mat
  artifactKey: Guid(9ab6d96a0cba386449830033a0c65f14) Importer(815301076,1909f56bfc062723c751e8b465ee728b)
Start importing Assets/Resources/ArtWorks/Decor/Setirna/Materials/setirna_red.mat using Guid(9ab6d96a0cba386449830033a0c65f14) Importer(815301076,1909f56bfc062723c751e8b465ee728b)  -> (artifact id: '862aa98d221e09dba0b40805f0118d61') in 0.018307 seconds 
========================================================================
Received Import Request.
  Time since last request: 0.000036 seconds.
  path: Assets/Resources/ArtWorks/Decor/Setirna/Materials/setirna_white 1.mat
  artifactKey: Guid(2f7d5ca6b579ae14eb526c05eeb36404) Importer(815301076,1909f56bfc062723c751e8b465ee728b)
Start importing Assets/Resources/ArtWorks/Decor/Setirna/Materials/setirna_white 1.mat using Guid(2f7d5ca6b579ae14eb526c05eeb36404) Importer(815301076,1909f56bfc062723c751e8b465ee728b)  -> (artifact id: 'd829516a8d11641b76457b16141b607b') in 0.027822 seconds 
========================================================================
Received Import Request.
  Time since last request: 0.000041 seconds.
  path: Assets/Resources/ArtWorks/Decor/Setirna/Materials/Uv_wood 1.mat
  artifactKey: Guid(eea21ac42bd43544699fd7e16f789cb0) Importer(815301076,1909f56bfc062723c751e8b465ee728b)
Start importing Assets/Resources/ArtWorks/Decor/Setirna/Materials/Uv_wood 1.mat using Guid(eea21ac42bd43544699fd7e16f789cb0) Importer(815301076,1909f56bfc062723c751e8b465ee728b)  -> (artifact id: '948e1c8ca81894841268eb2af855b62b') in 0.025874 seconds 
========================================================================
Received Import Request.
  Time since last request: 399.142216 seconds.
  path: Assets/StarterAssets/ThirdPersonController/Prefabs/NestedParentArmature_Unpack.prefab
  artifactKey: Guid(c708a3b79cd542b42bbfedb17e213bc1) Importer(815301076,1909f56bfc062723c751e8b465ee728b)
Start importing Assets/StarterAssets/ThirdPersonController/Prefabs/NestedParentArmature_Unpack.prefab using Guid(c708a3b79cd542b42bbfedb17e213bc1) Importer(815301076,1909f56bfc062723c751e8b465ee728b)  -> (artifact id: 'e296a18b2710e51405c0f8775d384323') in 0.839493 seconds 
Editor requested this worker to shutdown with reason: Scaling down because of idle timeout
AssetImportWorker is now disconnected from the server
Process exiting
Exiting without the bug reporter. Application will terminate with return code 0